<?xml version="1.0" encoding="UTF-8"?>
<testsuite name="com.qcadoo.view.internal.patterns.components.GridComponentPatternTest" time="0.091" tests="8" errors="0" skipped="0" failures="0">
  <properties>
[...]
</properties>
  <testcase name="shouldInitializeOptions" classname="com.qcadoo.view.internal.patterns.components.GridComponentPatternTest" time="0.04"/>
  <testcase name="shouldBeFullscreen" classname="com.qcadoo.view.internal.patterns.components.GridComponentPatternTest" time="0.002"/>
  <testcase name="shouldParsePredefinedFilters" classname="com.qcadoo.view.internal.patterns.components.GridComponentPatternTest" time="0.005"/>
  <testcase name="shouldHaveDefaultValues" classname="com.qcadoo.view.internal.patterns.components.GridComponentPatternTest" time="0.012"/>
  <testcase name="shouldHaveScopeFieldName" classname="com.qcadoo.view.internal.patterns.components.GridComponentPatternTest" time="0.003"/>
  <testcase name="shouldReturnState" classname="com.qcadoo.view.internal.patterns.components.GridComponentPatternTest" time="0.019"/>
  <testcase name="shouldFilterOutColumnsInvisibleForTenant" classname="com.qcadoo.view.internal.patterns.components.GridComponentPatternTest" time="0"/>
  <testcase name="shouldNotFilterOutColumnsVisibleForTenant" classname="com.qcadoo.view.internal.patterns.components.GridComponentPatternTest" time="0.01"/>
</testsuite>